This file contains any messages produced by compilers while
running configure, to aid debugging if configure makes a mistake.

It was created by configure, which was
generated by GNU Autoconf 2.52.20081225.  Invocation command line was

  $ ./configure 

## ---------- ##
## Platform.  ##
## ---------- ##

hostname = NEOIII
uname -m = i386
uname -r = 1
uname -s = OS/2
uname -v = 2.45

/usr/bin/uname -p = unknown
/bin/uname -X     = unknown

/bin/arch              = unknown
/usr/bin/arch -k       = unknown
/usr/convex/getsysinfo = unknown
hostinfo               = unknown
/bin/machine           = unknown
/usr/bin/oslevel       = unknown
/bin/universe          = unknown

PATH = U:\foo;U:\usr\bin;U:\usr\local\bin;U:\GLIBIDL335\GLIB\gcc\bin;U:\GLIBIDL335\LIBIDL\gcc\bin;u:\PERL\bin;u:\bin;U:\MOZTOOLS;U:\EMX\bin;u:\extras\bin;u:\dev\qt\trunk\bin;u:\python25;u:\dev\ow\BINP;u:\dev\ow\BINW;C:\MPTN\BIN;C:\TCPIP\BIN;C:\IBMCOM;C:\IBMLAN\NETPROG;C:\MUGLIB;C:\ECS\BIN;C:\EMX\BIN;C:\IBMGSK50\BIN;C:\IBMGSK40\BIN;C:\IBMGSK\BIN;C:\OS2;C:\OS2\SYSTEM;C:\OS2\INSTALL;C:\;C:\OS2\MDOS;C:\OS2\APPS;C:\ECS\KLIBC\BIN;C:\PROGRAMS\JAVA142\BIN;C:\MMOS2\FREEDB;C:\MMOS2;C:\MMOS2\MMPLAYER;C:\PROGRAMS\4OS2;C:\PROGRAMS\VyperHelp;C:\PROGRAMS\ibmworks;E:\VTEX\BIN;e:\mmedia\cworks2;D:\ODIN\SYSTEM32;C:\TOOLS\CDRTools;

## ------------ ##
## Core tests.  ##
## ------------ ##

configure:845: loading site script u:/moztools/config.site-gcc335b4
#!sh
#ac_cv_host=i386-pc-gnu
#ac_cv_host=i386-pc-os2
#HOST=i386-pc-os2
SHELL=sh
PATH=`cmd.exe /c "echo %PATH%" | sed -e 's@\\\\@/@g'`
PATH_SEPARATOR=';'

for f in INSTALL PERL M4 EXPR ; do
 export $f="`type $f.exe|sed -e 's@\\\\@/@g' -e 's@.* @@'`"
done

ac_cv_path_PERL='u:/Perl/bin/perl.exe'
ac_cv_path__PATH_PERL='u:/Perl/bin/perl.exe'
ac_cv_path__PATH_SH='/moztools/ash.exe'
ac_cv_path__PATH_SED='/moztools/sed.exe'
ac_cv_path_PROG_SENDMAIL='e:/tcpip/bin/sendmail.exe'
ac_cv_path__PATH_SORT='/moztools/sort.exe'
ac_cv_path_AR='/usr/bin/ar.exe'
ac_cv_path_FALSE='/bin/false.exe'
ac_cv_path_GZIP='e:/ecs/bin/gzip.exe'
ac_cv_path_ZIP='e:/ecs/bin/zip.exe'
ac_cv_path_MAKE='/moztools/make.exe'
ac_cv_path_TRUE='/bin/true.exe'
ac_cv_path_RM='/bin/rm.exe'
ac_cv_path_MV='/bin/mv.exe'
ac_cv_member_struct_sockaddr_in_sin_len='yes'
ac_cv_path_MKDIR='/bin/mkdir.exe'
ac_cv_path_MSGFMT='/usr/bin/msgfmt.exe'
ac_cv_path__PATH_AWK='/moztools/awk.exe'
ac_cv_path__PATH_EGREP='e:/emx/bin/egrep.exe'
ac_cv_path_install=${INSTALL}
ac_cv_path_STRIP='echo '
ac_cv_path_uic='/dev/qt/trunk/bin/uic.exe'
ac_cv_path_XARGS='/moztools/xargs.exe'
ac_cv_path_JAVAC='e:/programs/java142/bin/javac.exe'
ac_cv_path_JAR='e:/programs/java142/bin/jar.exe'
#ac_cv_prog_LN_S='cp -p'
ac_cv_emxos2='yes'
ac_cv_libext='lib'
#cl_cv_prog_LN_S='cp -p'
#cl_cv_prog_LN='cp -p'
ac_executable_extensions=".exe"
ac_cpp=g++.exe
#LN_S='cp -p'
MAKE=make
#ACLOCAL=${ACLOCAL-"${UNIXROOT}/usr/bin/aclocal"}
#AUTOCONF=${AUTOCONF-"${UNIXROOT}/usr/bin/autoconf"}
#AUTOMAKE=${AUTOMAKE-"${UNIXROOT}/usr/bin/automake"}
#AUTOHEADER=${AUTOHEADER-"${UNIXROOT}/usr/bin/autoheader"}
#ACLOCAL='echo aclocal'
#AUTOCONF='echo autoconf'
#AUTOMAKE='echo automake'
#AUTOHEADER='echo autoheader'
MAKEINFO=${MAKEINFO-"makeinfo --no-split"}
AMTAR=${AMTAR-"tar.exe"}
CC=gcc
CXX=g++
AWK=gawk
LEX=flex
LIBEXT="LIB"
#INSTALL=install-sh
INSTALL=/bin/install.exe
OBJEXT=o
RM=rm.exe
PERL=perl.exe
AR=ar.exe
LD=ld.exe
RANLIB=echo
#LIBTOOL=aplibtool.exe
YACC='bison -y'
BMTYPE=int
BMBYTES=4
PRINTABLE_OS_NAME=OS/2
#CFLAGS='-D__EMX__ -DOS2  -D__ST_MT_ERRNO__ -g'
#CXXFLAGS='-D__EMX__ -DOS2 -D__ST_MT_ERRNO__ -g'
#LDFLAGS='-Zexe -Zomf -Zmap -Zargs-wild -D__ST_MT_ERRNO__'
#CFLAGS='-D__EMX__ -DOS2  -D__ST_MT_ERRNO__ -O3 -mcpu=pentium3'
#CXXFLAGS='-D__EMX__ -DOS2 -D__ST_MT_ERRNO__ -O3 -mcpu=pentium3'
#LDFLAGS='-Zexe -Zomf -Zmap -Zargs-wild -Zbin-files -D__ST_MT_ERRNO__ -s'
CFLAGS='-D__EMX__ -Dunix  -D__ST_MT_ERRNO__ -O3 -march=pentium3'
CXXFLAGS='-D__EMX__ -Dunix  -D__ST_MT_ERRNO__ -O3 -march=pentium3'
LDFLAGS='-Zexe -Zomf -Zmap -Zargs-wild -Zbin-files -D__ST_MT_ERRNO__ -s'
ac_exeext=.exe
ac_cv_exeext=.exe
ac_cv_path___CHGRP=echo
ac_cv_path___CHOWN=echo
ac_cv_path___RSH=echo
function test
{ 
  if [  "$1" = "-x" ] ; then  
    shift
    if [ -f "$1" ] ; then return ; fi
    if type $1.cmd 1>nul 2>&1  ; then  return ; fi
    if type $1.exe 1>nul 2>&1  ; then  return ; fi
    x=`type $* 1>nul 2>&1|  sed -e 's@^.* @@' -e 's@\\\\@/@g' -e 's@\\.$@@'`
    if [ -n "$x" ] ; then
      grep '^\(#!\|[ \t]*extproc\)' "$x">nul 2>&1 
    else
      return 1
    fi
  else
    builtin test "$@"
  fi ;\
}


### EOF ######################################################################
configure:936: PATH=".;."; conftest.sh
configure:939: $? = 0
configure:981: checking build system type
configure:999: result: i386-pc-os2-emx
configure:1007: checking host system type
configure:1021: result: i386-pc-os2-emx
configure:1046: result: Configuring for os2-emx
configure:1145: checking for C++ compiler version
configure:1148: g++ --version </dev/null >&5
g++ (GCC) 3.3.5 (Bird Build 2007-06-10 14:30)
Copyright (C) 2003 Free Software Foundation, Inc.
This is free software; see the source for copying conditions.  There is NO
warranty; not even for MERCHANTABILITY or FITNESS FOR A PARTICULAR PURPOSE.

configure:1151: $? = 0
configure:1153: g++ -v </dev/null >&5
Reading specs from U:/usr/lib/gcc-lib/i386-pc-os2-emx/3.3.5/specs
Configured with: D:/CODING/LIBC/SVN/BRANCHES/LIBC-0.6/src/gcc/configure --enable-clh --enable-threads=os2 --enable-shared=libgcc,bfd,opcodes --enable-nls --without-included-gettext --with-local-prefix=D:/CODING/LIBC/SVN/BRANCHES/LIBC-0.6/TOOLS/x86.os2/gcc/staged --prefix=/gcc --with-gnu-as --disable-libgcj --enable-languages=c,c++
Thread model: os2
gcc version 3.3.5 (Bird Build 2007-06-10 14:30)
g++: no input files, try "g++ --help"
configure:1156: $? = 1
configure:1158: g++ -V </dev/null >&5
g++: argument to `-V' missing

configure:1161: $? = 1
configure:1181: checking for C++ compiler default output
configure:1184: g++ -D__EMX__ -Dunix  -D__ST_MT_ERRNO__ -O3 -march=pentium3  -Zexe -Zomf -Zmap -Zargs-wild -Zbin-files -D__ST_MT_ERRNO__ -s conftest.cc  >&5
configure:1187: $? = 0
configure:1216: result: conftest.exe
configure:1221: checking whether the C++ compiler works
configure:1227: ./conftest.exe
configure:1230: $? = 0
configure:1245: result: yes
configure:1252: checking whether we are cross compiling
configure:1254: result: no
configure:1257: checking for executable suffix
configure:1259: g++ -o conftest.exe -D__EMX__ -Dunix  -D__ST_MT_ERRNO__ -O3 -march=pentium3  -Zexe -Zomf -Zmap -Zargs-wild -Zbin-files -D__ST_MT_ERRNO__ -s conftest.cc  >&5
configure:1262: $? = 0
configure:1284: result: .exe
configure:1290: checking for object suffix
configure:1308: g++ -c -D__EMX__ -Dunix  -D__ST_MT_ERRNO__ -O3 -march=pentium3  conftest.cc >&5
configure:1311: $? = 0
configure:1330: result: o
configure:1334: checking whether we are using the GNU C++ compiler
configure:1355: g++ -c -D__EMX__ -Dunix  -D__ST_MT_ERRNO__ -O3 -march=pentium3  conftest.cc >&5
configure:1358: $? = 0
configure:1361: test -s conftest.o
configure:1364: $? = 0
configure:1376: result: yes
configure:1382: checking whether g++ accepts -g
configure:1400: g++ -c -g  conftest.cc >&5
configure:1403: $? = 0
configure:1406: test -s conftest.o
configure:1409: $? = 0
configure:1419: result: yes
configure:1459: g++ -c -D__EMX__ -Dunix  -D__ST_MT_ERRNO__ -O3 -march=pentium3  conftest.cc >&5
configure:1462: $? = 0
configure:1465: test -s conftest.o
configure:1468: $? = 0
configure:1490: g++ -c -D__EMX__ -Dunix  -D__ST_MT_ERRNO__ -O3 -march=pentium3  conftest.cc >&5
configure: In function `int main()':
configure:1483: error: `exit' undeclared (first use this function)
configure:1483: error: (Each undeclared identifier is reported only once for 
   each function it appears in.)
configure:1493: $? = 1
configure: failed program was:
#line 1478 "configure"
#include "confdefs.h"

int
main ()
{
exit (42);
  ;
  return 0;
}
configure:1459: g++ -c -D__EMX__ -Dunix  -D__ST_MT_ERRNO__ -O3 -march=pentium3  conftest.cc >&5
configure:1462: $? = 0
configure:1465: test -s conftest.o
configure:1468: $? = 0
configure:1490: g++ -c -D__EMX__ -Dunix  -D__ST_MT_ERRNO__ -O3 -march=pentium3  conftest.cc >&5
configure:1493: $? = 0
configure:1496: test -s conftest.o
configure:1499: $? = 0
configure:1528: checking how to run the C++ preprocessor
configure:1550: g++ -E  conftest.cc
configure:1556: $? = 0
configure:1583: g++ -E  conftest.cc
configure:1580:28: ac_nonexistent.h: No such file or directory
configure:1589: $? = 1
configure: failed program was:
#line 1579 "configure"
#include "confdefs.h"
#include <ac_nonexistent.h>
configure:1626: result: g++ -E
configure:1641: g++ -E  conftest.cc
configure:1647: $? = 0
configure:1674: g++ -E  conftest.cc
configure:1671:28: ac_nonexistent.h: No such file or directory
configure:1680: $? = 1
configure: failed program was:
#line 1670 "configure"
#include "confdefs.h"
#include <ac_nonexistent.h>
configure:1732: checking for a BSD compatible install
configure:1781: result: /bin/install.exe
configure:1799: checking if you want to see long compiling messages
configure:1833: result: yes
configure:1880: checking for gcc
configure:1903: result: gcc
configure:2131: checking for C compiler version
configure:2134: gcc --version </dev/null >&5
gcc (GCC) 3.3.5 (Bird Build 2007-06-10 14:30)
Copyright (C) 2003 Free Software Foundation, Inc.
This is free software; see the source for copying conditions.  There is NO
warranty; not even for MERCHANTABILITY or FITNESS FOR A PARTICULAR PURPOSE.

configure:2137: $? = 0
configure:2139: gcc -v </dev/null >&5
Reading specs from U:/usr/lib/gcc-lib/i386-pc-os2-emx/3.3.5/specs
Configured with: D:/CODING/LIBC/SVN/BRANCHES/LIBC-0.6/src/gcc/configure --enable-clh --enable-threads=os2 --enable-shared=libgcc,bfd,opcodes --enable-nls --without-included-gettext --with-local-prefix=D:/CODING/LIBC/SVN/BRANCHES/LIBC-0.6/TOOLS/x86.os2/gcc/staged --prefix=/gcc --with-gnu-as --disable-libgcj --enable-languages=c,c++
Thread model: os2
gcc version 3.3.5 (Bird Build 2007-06-10 14:30)
configure:2142: $? = 0
configure:2144: gcc -V </dev/null >&5
gcc: `-V' must come at the start of the command line
configure:2147: $? = 1
configure:2150: checking whether we are using the GNU C compiler
configure:2171: gcc -c -D__EMX__ -Dunix  -D__ST_MT_ERRNO__ -O3 -march=pentium3  conftest.c >&5
configure:2174: $? = 0
configure:2177: test -s conftest.o
configure:2180: $? = 0
configure:2192: result: yes
configure:2198: checking whether gcc accepts -g
configure:2216: gcc -c -g  conftest.c >&5
configure:2219: $? = 0
configure:2222: test -s conftest.o
configure:2225: $? = 0
configure:2235: result: yes
configure:2262: gcc -c -D__EMX__ -Dunix  -D__ST_MT_ERRNO__ -O3 -march=pentium3  conftest.c >&5
conftest.c:2: error: parse error before "me"
configure:2265: $? = 1
configure: failed program was:
#ifndef __cplusplus
  choke me
#endif
configure:2370: checking how to run the C preprocessor
configure:2396: gcc -E  conftest.c
configure:2402: $? = 0
configure:2429: gcc -E  conftest.c
configure:2426:28: ac_nonexistent.h: No such file or directory
configure:2435: $? = 1
configure: failed program was:
#line 2425 "configure"
#include "confdefs.h"
#include <ac_nonexistent.h>
configure:2472: result: gcc -E
configure:2487: gcc -E  conftest.c
configure:2493: $? = 0
configure:2520: gcc -E  conftest.c
configure:2517:28: ac_nonexistent.h: No such file or directory
configure:2526: $? = 1
configure: failed program was:
#line 2516 "configure"
#include "confdefs.h"
#include <ac_nonexistent.h>
configure:2568: checking version of g++
configure:2572: result: 3.3.5
configure:2686: checking for g++ warning options...
configure:2715: g++ -c -D__EMX__ -Dunix  -D__ST_MT_ERRNO__ -O3 -march=pentium3 -W -Wall -Werror -Wabi  conftest.cc >&5
configure:2718: $? = 0
configure:2715: g++ -c -D__EMX__ -Dunix  -D__ST_MT_ERRNO__ -O3 -march=pentium3 -W -Wall -Wabi -Werror -fabi-version=0  conftest.cc >&5
configure:2718: $? = 0
configure:2715: g++ -c -D__EMX__ -Dunix  -D__ST_MT_ERRNO__ -O3 -march=pentium3 -W -Wall -Wabi -fabi-version=0 -Werror -Woverloaded-virtual  conftest.cc >&5
configure:2718: $? = 0
configure:2715: g++ -c -D__EMX__ -Dunix  -D__ST_MT_ERRNO__ -O3 -march=pentium3 -W -Wall -Wabi -fabi-version=0 -Woverloaded-virtual -Werror -Wsign-promo  conftest.cc >&5
configure:2718: $? = 0
configure:2715: g++ -c -D__EMX__ -Dunix  -D__ST_MT_ERRNO__ -O3 -march=pentium3 -W -Wall -Wabi -fabi-version=0 -Woverloaded-virtual -Wsign-promo -Werror -Wsynth  conftest.cc >&5
configure:2718: $? = 0
configure:2715: g++ -c -D__EMX__ -Dunix  -D__ST_MT_ERRNO__ -O3 -march=pentium3 -W -Wall -Wabi -fabi-version=0 -Woverloaded-virtual -Wsign-promo -Wsynth -Werror -Wold-style-cast  conftest.cc >&5
configure:2718: $? = 0
configure:2715: g++ -c -D__EMX__ -Dunix  -D__ST_MT_ERRNO__ -O3 -march=pentium3 -W -Wall -Wabi -fabi-version=0 -Woverloaded-virtual -Wsign-promo -Wsynth -Wold-style-cast -Werror -Wcast-align  conftest.cc >&5
configure:2718: $? = 0
configure:2715: g++ -c -D__EMX__ -Dunix  -D__ST_MT_ERRNO__ -O3 -march=pentium3 -W -Wall -Wabi -fabi-version=0 -Woverloaded-virtual -Wsign-promo -Wsynth -Wold-style-cast -Wcast-align -Werror -Wcast-qual  conftest.cc >&5
configure:2718: $? = 0
configure:2715: g++ -c -D__EMX__ -Dunix  -D__ST_MT_ERRNO__ -O3 -march=pentium3 -W -Wall -Wabi -fabi-version=0 -Woverloaded-virtual -Wsign-promo -Wsynth -Wold-style-cast -Wcast-align -Wcast-qual -Werror -Wmissing-prototypes  conftest.cc >&5
configure:2718: $? = 0
configure:2715: g++ -c -D__EMX__ -Dunix  -D__ST_MT_ERRNO__ -O3 -march=pentium3 -W -Wall -Wabi -fabi-version=0 -Woverloaded-virtual -Wsign-promo -Wsynth -Wold-style-cast -Wcast-align -Wcast-qual -Wmissing-prototypes -Werror -Wpointer-arith  conftest.cc >&5
configure:2718: $? = 0
configure:2715: g++ -c -D__EMX__ -Dunix  -D__ST_MT_ERRNO__ -O3 -march=pentium3 -W -Wall -Wabi -fabi-version=0 -Woverloaded-virtual -Wsign-promo -Wsynth -Wold-style-cast -Wcast-align -Wcast-qual -Wmissing-prototypes -Wpointer-arith -Werror -Wshadow  conftest.cc >&5
configure:2718: $? = 0
configure:2715: g++ -c -D__EMX__ -Dunix  -D__ST_MT_ERRNO__ -O3 -march=pentium3 -W -Wall -Wabi -fabi-version=0 -Woverloaded-virtual -Wsign-promo -Wsynth -Wold-style-cast -Wcast-align -Wcast-qual -Wmissing-prototypes -Wpointer-arith -Wshadow -Werror -Wstrict-prototypes  conftest.cc >&5
configure:2718: $? = 0
configure:2715: g++ -c -D__EMX__ -Dunix  -D__ST_MT_ERRNO__ -O3 -march=pentium3 -W -Wall -Wabi -fabi-version=0 -Woverloaded-virtual -Wsign-promo -Wsynth -Wold-style-cast -Wcast-align -Wcast-qual -Wmissing-prototypes -Wpointer-arith -Wshadow -Wstrict-prototypes -Werror -Wundef  conftest.cc >&5
configure:2718: $? = 0
configure:2715: g++ -c -D__EMX__ -Dunix  -D__ST_MT_ERRNO__ -O3 -march=pentium3 -W -Wall -Wabi -fabi-version=0 -Woverloaded-virtual -Wsign-promo -Wsynth -Wold-style-cast -Wcast-align -Wcast-qual -Wmissing-prototypes -Wpointer-arith -Wshadow -Wstrict-prototypes -Wundef -Werror -Weffc++  conftest.cc >&5
configure:2718: $? = 0
configure:2739: checking for ANSI C header files
configure:2753: g++ -E  conftest.cc
configure:2759: $? = 0
configure:2846: g++ -o conftest.exe -D__EMX__ -Dunix  -D__ST_MT_ERRNO__ -O3 -march=pentium3  -Zexe -Zomf -Zmap -Zargs-wild -Zbin-files -D__ST_MT_ERRNO__ -s conftest.cc  >&5
configure:2849: $? = 0
configure:2851: ./conftest.exe
configure:2854: $? = 0
configure:2867: result: yes
configure:2882: checking for unistd.h
configure:2892: g++ -E  conftest.cc
configure:2898: $? = 0
configure:2917: result: yes
configure:3008: creating ./config.status

## ----------------------- ##
## Running config.status.  ##
## ----------------------- ##

This file was extended by config.status 2.52.20081225, executed with
  CONFIG_FILES    = 
  CONFIG_HEADERS  = 
  CONFIG_LINKS    = 
  CONFIG_COMMANDS = 
  > ./config.status 
on NEOIII

config.status:3467: creating makefile
config.status:3467: creating code/makefile
config.status:3564: creating code/autoconf.h

## ----------------- ##
## Cache variables.  ##
## ----------------- ##

ac_cv_build_alias=i386-pc-os2-emx
ac_cv_build=i386-pc-os2-emx
ac_cv_c_compiler_gnu=yes
ac_cv_cxx_compiler_gnu=yes
ac_cv_emxos2=yes
ac_cv_env_build_alias_set=
ac_cv_env_build_alias_value=
ac_cv_env_CC_set=set
ac_cv_env_CC_value=gcc
ac_cv_env_CFLAGS_set=
ac_cv_env_CFLAGS_value=
ac_cv_env_CPP_set=
ac_cv_env_CPP_value=
ac_cv_env_CPPFLAGS_set=
ac_cv_env_CPPFLAGS_value=
ac_cv_env_CXX_set=set
ac_cv_env_CXX_value=g++
ac_cv_env_CXXCPP_set=
ac_cv_env_CXXCPP_value=
ac_cv_env_CXXFLAGS_set=
ac_cv_env_CXXFLAGS_value=
ac_cv_env_host_alias_set=
ac_cv_env_host_alias_value=
ac_cv_env_LDFLAGS_set=
ac_cv_env_LDFLAGS_value=
ac_cv_env_target_alias_set=
ac_cv_env_target_alias_value=
ac_cv_exeext=.exe
ac_cv_header_stdc=yes
ac_cv_header_unistd_h=yes
ac_cv_host_alias=i386-pc-os2-emx
ac_cv_host=i386-pc-os2-emx
ac_cv_libext=lib
ac_cv_member_struct_sockaddr_in_sin_len=yes
ac_cv_objext=o
ac_cv_path___CHGRP=echo
ac_cv_path___CHOWN=echo
ac_cv_path___RSH=echo
ac_cv_path__PATH_AWK=/moztools/awk.exe
ac_cv_path__PATH_EGREP=e:/emx/bin/egrep.exe
ac_cv_path__PATH_PERL=u:/Perl/bin/perl.exe
ac_cv_path__PATH_SED=/moztools/sed.exe
ac_cv_path__PATH_SH=/moztools/ash.exe
ac_cv_path__PATH_SORT=/moztools/sort.exe
ac_cv_path_AR=/usr/bin/ar.exe
ac_cv_path_FALSE=/bin/false.exe
ac_cv_path_GZIP=e:/ecs/bin/gzip.exe
ac_cv_path_install=u:/bin/INSTALL.exe
ac_cv_path_JAR=e:/programs/java142/bin/jar.exe
ac_cv_path_JAVAC=e:/programs/java142/bin/javac.exe
ac_cv_path_MAKE=/moztools/make.exe
ac_cv_path_MKDIR=/bin/mkdir.exe
ac_cv_path_MSGFMT=/usr/bin/msgfmt.exe
ac_cv_path_MV=/bin/mv.exe
ac_cv_path_PERL=u:/Perl/bin/perl.exe
ac_cv_path_PROG_SENDMAIL=e:/tcpip/bin/sendmail.exe
ac_cv_path_RM=/bin/rm.exe
ac_cv_path_STRIP='echo '
ac_cv_path_TRUE=/bin/true.exe
ac_cv_path_uic=/dev/qt/trunk/bin/uic.exe
ac_cv_path_XARGS=/moztools/xargs.exe
ac_cv_path_ZIP=e:/ecs/bin/zip.exe
ac_cv_prog_ac_ct_CC=gcc
ac_cv_prog_cc_g=yes
ac_cv_prog_cxx_g=yes
ac_cv_prog_CPP='gcc -E'
ac_cv_prog_CXXCPP='g++ -E'
cf_cv_system_name=os2-emx

## ------------ ##
## confdefs.h.  ##
## ------------ ##

#define SYSTEM_NAME "os2-emx"
#ifdef __cplusplus
#include <stdlib.h>
#endif
#define STDC_HEADERS 1
#define HAVE_UNISTD_H 1


configure: exit 1
